2020-04-26 19:20:30.396  INFO 10792 --- [restartedMain] e.e.mycommunity.MycommunityApplication   : Starting MycommunityApplication on LAPTOP-NIQLMC2I with PID 10792 (F:\GitCode\mycommunity\target\classes started by lenovo in F:\GitCode\mycommunity)
2020-04-26 19:20:30.400  INFO 10792 --- [restartedMain] e.e.mycommunity.MycommunityApplication   : No active profile set, falling back to default profiles: default
2020-04-26 19:20:30.469  INFO 10792 --- [restartedMain] .e.DevToolsPropertyDefaultsPostProcessor : Devtools property defaults active! Set 'spring.devtools.add-properties' to 'false' to disable
2020-04-26 19:20:30.470  INFO 10792 --- [restartedMain] .e.DevToolsPropertyDefaultsPostProcessor : For additional web related logging consider setting the 'logging.level.web' property to 'DEBUG'
2020-04-26 19:20:31.876  INFO 10792 --- [restartedMain] o.s.b.w.embedded.tomcat.TomcatWebServer  : Tomcat initialized with port(s): 8080 (http)
2020-04-26 19:20:31.885  INFO 10792 --- [restartedMain] o.apache.catalina.core.StandardService   : Starting service [Tomcat]
2020-04-26 19:20:31.885  INFO 10792 --- [restartedMain] org.apache.catalina.core.StandardEngine  : Starting Servlet engine: [Apache Tomcat/9.0.31]
2020-04-26 19:20:31.998  INFO 10792 --- [restartedMain] o.a.c.c.C.[Tomcat].[localhost].[/]       : Initializing Spring embedded WebApplicationContext
2020-04-26 19:20:31.999  INFO 10792 --- [restartedMain] o.s.web.context.ContextLoader            : Root WebApplicationContext: initialization completed in 1529 ms
2020-04-26 19:20:33.122  INFO 10792 --- [restartedMain] o.s.s.concurrent.ThreadPoolTaskExecutor  : Initializing ExecutorService 'applicationTaskExecutor'
2020-04-26 19:20:33.318  INFO 10792 --- [restartedMain] o.s.b.a.w.s.WelcomePageHandlerMapping    : Adding welcome page template: index
2020-04-26 19:20:33.735  INFO 10792 --- [restartedMain] o.s.s.c.ThreadPoolTaskScheduler          : Initializing ExecutorService 'taskScheduler'
2020-04-26 19:20:33.964  INFO 10792 --- [restartedMain] o.s.b.d.a.OptionalLiveReloadServer       : LiveReload server is running on port 35729
2020-04-26 19:20:34.014  INFO 10792 --- [scheduling-1] e.e.mycommunity.schedule.HotTagTasks     : hotTagSchedule start Sun Apr 26 19:20:34 CST 2020
2020-04-26 19:20:34.215  INFO 10792 --- [restartedMain] o.s.b.w.embedded.tomcat.TomcatWebServer  : Tomcat started on port(s): 8080 (http) with context path ''
2020-04-26 19:20:34.220  INFO 10792 --- [restartedMain] e.e.mycommunity.MycommunityApplication   : Started MycommunityApplication in 4.419 seconds (JVM running for 5.913)
2020-04-26 19:20:34.288  INFO 10792 --- [scheduling-1] com.zaxxer.hikari.HikariDataSource       : HikariPool-1 - Starting...
2020-04-26 19:20:34.661  INFO 10792 --- [scheduling-1] com.zaxxer.hikari.HikariDataSource       : HikariPool-1 - Start completed.
2020-04-26 19:20:34.763  INFO 10792 --- [scheduling-1] e.e.mycommunity.schedule.HotTagTasks     : hotTagSchedule stop Sun Apr 26 19:20:34 CST 2020
2020-04-26 19:20:38.877  INFO 10792 --- [http-nio-8080-exec-1] o.a.c.c.C.[Tomcat].[localhost].[/]       : Initializing Spring DispatcherServlet 'dispatcherServlet'
2020-04-26 19:20:38.877  INFO 10792 --- [http-nio-8080-exec-1] o.s.web.servlet.DispatcherServlet        : Initializing Servlet 'dispatcherServlet'
2020-04-26 19:20:38.914  INFO 10792 --- [http-nio-8080-exec-1] o.s.web.servlet.DispatcherServlet        : Completed initialization in 37 ms
